<?xml version="1.0" encoding="utf-8"?><testsuites name="pytest tests"><testsuite name="pytest" errors="0" failures="0" skipped="0" tests="6" time="2.408" timestamp="2026-05-07T15:35:03.487005+00:00" hostname="agent-env-7edb0b8e-23cd-4d9c-805a-3a9b6e4fa353"><testcase classname="backend.tests.backend_test.TestPlotCalculation" name="test_create_plot_auto_calculations" time="0.598" /><testcase classname="backend.tests.backend_test.TestPlotCalculation" name="test_get_invalid_plot_returns_404" time="0.072" /><testcase classname="backend.tests.backend_test.TestTransactions" name="test_create_transaction_invalid_plot" time="0.077" /><testcase classname="backend.tests.backend_test.TestTransactions" name="test_create_transaction_invalid_literal" time="0.148" /><testcase classname="backend.tests.backend_test.TestTransactions" name="test_create_and_list_transactions" time="0.728" /><testcase classname="backend.tests.backend_test.TestDashboard" name="test_dashboard_summary_aggregations" time="0.648" /></testsuite></testsuites>