<?xml version="1.0" encoding="utf-8"?><testsuites name="pytest tests"><testsuite name="pytest" errors="0" failures="0" skipped="0" tests="11" time="4.321" timestamp="2026-05-07T16:25:29.291830+00:00" hostname="agent-env-7edb0b8e-23cd-4d9c-805a-3a9b6e4fa353"><testcase classname="backend.tests.backend_test.TestPlotCalculation" name="test_create_plot_auto_calculations" time="0.454" /><testcase classname="backend.tests.backend_test.TestPlotCalculation" name="test_get_invalid_plot_returns_404" time="0.063" /><testcase classname="backend.tests.backend_test.TestTransactions" name="test_create_transaction_invalid_plot" time="0.073" /><testcase classname="backend.tests.backend_test.TestTransactions" name="test_create_transaction_invalid_literal" time="0.138" /><testcase classname="backend.tests.backend_test.TestTransactions" name="test_create_and_list_transactions" time="0.624" /><testcase classname="backend.tests.backend_test.TestDashboard" name="test_dashboard_summary_aggregations" time="0.481" /><testcase classname="backend.tests.backend_test.TestKisamField" name="test_kisam_defaults_to_other_when_omitted" time="0.280" /><testcase classname="backend.tests.backend_test.TestKisamField" name="test_kisam_explicit_value_persists" time="1.027" /><testcase classname="backend.tests.backend_test.TestTransactionPatch" name="test_patch_invalid_id_returns_404" time="0.067" /><testcase classname="backend.tests.backend_test.TestTransactionPatch" name="test_patch_invalid_literal_returns_422" time="0.273" /><testcase classname="backend.tests.backend_test.TestTransactionPatch" name="test_patch_withdrawal_to_plot_payment_updates_summary" time="0.681" /></testsuite></testsuites>